0 info it worked if it ends with ok
1 verbose cli [ 'node',
1 verbose cli   '/usr/local/bin/npm',
1 verbose cli   'install',
1 verbose cli   'connnect',
1 verbose cli   '--save-dev' ]
2 info using npm@1.4.28
3 info using node@v0.10.33
4 warn package.json orbital-mechanics-portal@0.0.0 No description
5 warn package.json orbital-mechanics-portal@0.0.0 No repository field.
6 warn package.json orbital-mechanics-portal@0.0.0 No README data
7 verbose readDependencies using package.json deps
8 verbose cache add [ 'connnect', null ]
9 verbose cache add name=undefined spec="connnect" args=["connnect",null]
10 verbose parsed url { protocol: null,
10 verbose parsed url   slashes: null,
10 verbose parsed url   auth: null,
10 verbose parsed url   host: null,
10 verbose parsed url   port: null,
10 verbose parsed url   hostname: null,
10 verbose parsed url   hash: null,
10 verbose parsed url   search: null,
10 verbose parsed url   query: null,
10 verbose parsed url   pathname: 'connnect',
10 verbose parsed url   path: 'connnect',
10 verbose parsed url   href: 'connnect' }
11 silly lockFile e912aede-connnect connnect
12 verbose lock connnect /Users/coreykruger/.npm/e912aede-connnect.lock
13 silly lockFile e912aede-connnect connnect
14 silly lockFile e912aede-connnect connnect
15 verbose addNamed [ 'connnect', '' ]
16 verbose addNamed [ null, '*' ]
17 silly lockFile 8cd3e0ea-connnect connnect@
18 verbose lock connnect@ /Users/coreykruger/.npm/8cd3e0ea-connnect.lock
19 silly addNameRange { name: 'connnect', range: '*', hasData: false }
20 verbose request where is /connnect
21 verbose request registry https://registry.npmjs.org/
22 verbose request id cd741cce3249e862
23 verbose url raw /connnect
24 verbose url resolving [ 'https://registry.npmjs.org/', './connnect' ]
25 verbose url resolved https://registry.npmjs.org/connnect
26 verbose request where is https://registry.npmjs.org/connnect
27 info trying registry request attempt 1 at 16:05:43
28 http GET https://registry.npmjs.org/connnect
29 http 404 https://registry.npmjs.org/connnect
30 verbose headers { date: 'Thu, 18 Dec 2014 23:05:44 GMT',
30 verbose headers   server: 'CouchDB/1.5.0 (Erlang OTP/R16B03)',
30 verbose headers   'content-type': 'application/json',
30 verbose headers   'cache-control': 'max-age=0',
30 verbose headers   'content-length': '52',
30 verbose headers   'accept-ranges': 'bytes',
30 verbose headers   via: '1.1 varnish',
30 verbose headers   age: '0',
30 verbose headers   'x-served-by': 'cache-sjc3125-SJC',
30 verbose headers   'x-cache': 'MISS',
30 verbose headers   'x-cache-hits': '0',
30 verbose headers   'x-timer': 'S1418943944.327193,VS0,VE150',
30 verbose headers   'keep-alive': 'timeout=10, max=50',
30 verbose headers   connection: 'Keep-Alive' }
31 silly registry.get cb [ 404,
31 silly registry.get   { date: 'Thu, 18 Dec 2014 23:05:44 GMT',
31 silly registry.get     server: 'CouchDB/1.5.0 (Erlang OTP/R16B03)',
31 silly registry.get     'content-type': 'application/json',
31 silly registry.get     'cache-control': 'max-age=0',
31 silly registry.get     'content-length': '52',
31 silly registry.get     'accept-ranges': 'bytes',
31 silly registry.get     via: '1.1 varnish',
31 silly registry.get     age: '0',
31 silly registry.get     'x-served-by': 'cache-sjc3125-SJC',
31 silly registry.get     'x-cache': 'MISS',
31 silly registry.get     'x-cache-hits': '0',
31 silly registry.get     'x-timer': 'S1418943944.327193,VS0,VE150',
31 silly registry.get     'keep-alive': 'timeout=10, max=50',
31 silly registry.get     connection: 'Keep-Alive' } ]
32 silly lockFile 8cd3e0ea-connnect connnect@
33 silly lockFile 8cd3e0ea-connnect connnect@
34 error 404 404 Not Found: connnect
34 error 404
34 error 404 'connnect' is not in the npm registry.
34 error 404 You should bug the author to publish it
34 error 404 It was specified as a dependency of 'orbital-mechanics-portal'
34 error 404
34 error 404 Note that you can also install from a
34 error 404 tarball, folder, or http url, or git url.
35 error System Darwin 14.0.0
36 error command "node" "/usr/local/bin/npm" "install" "connnect" "--save-dev"
37 error cwd /Users/coreykruger/bold/3js/public
38 error node -v v0.10.33
39 error npm -v 1.4.28
40 error code E404
41 verbose exit [ 1, true ]
